<?xml version="1.0" encoding="UTF-8"?>
<robot generator="Robot 7.0 (Python 3.12.1 on win32)" generated="2024-01-23T02:51:21.716762" rpa="false" schemaversion="5">
<suite id="s1" name="Login Feature Test" source="C:\Users\lalai\OneDrive\Documentos\Estudos\RobotFramework\Projeto 02\features\login_feature_test.robot">
<test id="s1-t1" name="Caso de Teste 01 - Realizar login" line="8">
<kw name="Dado que o usuario acesse a tela de login" owner="login_resources">
<kw name="Acessar site &quot;https://phptravels.org/login&quot;" owner="login_page" source_name="Acessar site &quot;${SITE}&quot;">
<kw name="Open Browser" owner="SeleniumLibrary">
<msg time="2024-01-23T02:51:21.982172" level="INFO">Opening browser 'chrome' to base url 'https://phptravels.org/login'.</msg>
<arg>${SITE}</arg>
<arg>browser=chrome</arg>
<doc>Opens a new browser instance to the optional ``url``.</doc>
<status status="PASS" start="2024-01-23T02:51:21.982172" elapsed="4.311713"/>
</kw>
<kw name="Maximize Browser Window" owner="SeleniumLibrary">
<doc>Maximizes current browser window.</doc>
<status status="PASS" start="2024-01-23T02:51:26.294885" elapsed="0.138045"/>
</kw>
<status status="PASS" start="2024-01-23T02:51:21.981173" elapsed="4.453741"/>
</kw>
<status status="PASS" start="2024-01-23T02:51:21.981173" elapsed="4.453741"/>
</kw>
<kw name="Quando o usuario informar email &quot;lalaisprates@gmail.com&quot;" owner="login_resources" source_name="Quando o usuario informar email &quot;${EMAIL}&quot;">
<kw name="Informar email &quot;${EMAIL}&quot;" owner="login_page" source_name="Informar email &quot;${EMAIL}&quot;">
<kw name="Wait Until Element Is Visible" owner="SeleniumLibrary">
<arg>${TXT_EMAIL}</arg>
<doc>Waits until the element ``locator`` is visible.</doc>
<status status="PASS" start="2024-01-23T02:51:26.439084" elapsed="0.050665"/>
</kw>
<kw name="Input Text" owner="SeleniumLibrary">
<msg time="2024-01-23T02:51:26.491677" level="INFO">Typing text 'lalaisprates@gmail.com' into text field '//input[@type='email']'.</msg>
<arg>${TXT_EMAIL}</arg>
<arg>${EMAIL}</arg>
<doc>Types the given ``text`` into the text field identified by ``locator``.</doc>
<status status="PASS" start="2024-01-23T02:51:26.490686" elapsed="0.245558"/>
</kw>
<status status="PASS" start="2024-01-23T02:51:26.438082" elapsed="0.298162"/>
</kw>
<status status="PASS" start="2024-01-23T02:51:26.436961" elapsed="0.299283"/>
</kw>
<kw name="E informar senha &quot;Senha123456&quot;" owner="login_resources" source_name="E informar senha &quot;${SENHA}&quot;">
<kw name="Informar senha &quot;${SENHA}&quot;" owner="login_page" source_name="Informar senha &quot;${SENHA}&quot;">
<kw name="Wait Until Element Is Visible" owner="SeleniumLibrary">
<arg>${TXT_SENHA}</arg>
<doc>Waits until the element ``locator`` is visible.</doc>
<status status="PASS" start="2024-01-23T02:51:26.738252" elapsed="0.030637"/>
</kw>
<kw name="Input Password" owner="SeleniumLibrary">
<msg time="2024-01-23T02:51:26.769885" level="INFO">Typing password into text field '//input[@name='password']'.</msg>
<msg time="2024-01-23T02:51:26.812289" level="INFO">Temporally setting log level to: NONE</msg>
<arg>${TXT_SENHA}</arg>
<arg>${SENHA}</arg>
<doc>Types the given password into the text field identified by ``locator``.</doc>
<status status="PASS" start="2024-01-23T02:51:26.768889" elapsed="0.132025"/>
</kw>
<status status="PASS" start="2024-01-23T02:51:26.738252" elapsed="0.162662"/>
</kw>
<status status="PASS" start="2024-01-23T02:51:26.738252" elapsed="0.162662"/>
</kw>
<kw name="E confirmar a verficação" owner="login_resources">
<kw name="Confirmar captcha" owner="login_page">
<kw name="Select Frame" owner="SeleniumLibrary">
<msg time="2024-01-23T02:51:26.901910" level="INFO">Selecting frame '//iframe[@title='reCAPTCHA']'.</msg>
<arg>${IFRAME}</arg>
<doc>Sets frame identified by ``locator`` as the current frame.</doc>
<status status="PASS" start="2024-01-23T02:51:26.901910" elapsed="0.047766"/>
</kw>
<kw name="Wait Until Element Is Visible" owner="SeleniumLibrary">
<arg>${BNT_NAO_SOU_ROBO}</arg>
<doc>Waits until the element ``locator`` is visible.</doc>
<status status="PASS" start="2024-01-23T02:51:26.949676" elapsed="0.032693"/>
</kw>
<kw name="Click Element" owner="SeleniumLibrary">
<msg time="2024-01-23T02:51:26.982369" level="INFO">Clicking element '//span[@id='recaptcha-anchor']'.</msg>
<arg>${BNT_NAO_SOU_ROBO}</arg>
<doc>Click the element identified by ``locator``.</doc>
<status status="PASS" start="2024-01-23T02:51:26.982369" elapsed="0.179793"/>
</kw>
<kw name="Unselect Frame" owner="SeleniumLibrary">
<doc>Sets the main frame as the current frame.</doc>
<status status="PASS" start="2024-01-23T02:51:27.163160" elapsed="0.007522"/>
</kw>
<status status="PASS" start="2024-01-23T02:51:26.901910" elapsed="0.268772"/>
</kw>
<status status="PASS" start="2024-01-23T02:51:26.900914" elapsed="0.269768"/>
</kw>
<kw name="E clicar em Login" owner="login_resources">
<kw name="Clicar no botao de Login" owner="login_page">
<kw name="Sleep" owner="BuiltIn">
<msg time="2024-01-23T02:51:30.173029" level="INFO">Slept 3 seconds.</msg>
<arg>3</arg>
<doc>Pauses the test executed for the given time.</doc>
<status status="PASS" start="2024-01-23T02:51:27.171683" elapsed="3.001346"/>
</kw>
<kw name="Click Element" owner="SeleniumLibrary">
<msg time="2024-01-23T02:51:30.173029" level="INFO">Clicking element '//button[@class='btn btn-primary btn-recaptcha']'.</msg>
<arg>${BNT_LOGIN}</arg>
<doc>Click the element identified by ``locator``.</doc>
<status status="PASS" start="2024-01-23T02:51:30.173029" elapsed="2.807017"/>
</kw>
<status status="PASS" start="2024-01-23T02:51:27.171683" elapsed="5.808363"/>
</kw>
<status status="PASS" start="2024-01-23T02:51:27.171683" elapsed="5.808363"/>
</kw>
<kw name="Então o usuario é direcionado para a home como &quot;Laís Araújo&quot;" owner="login_resources" source_name="Então o usuario é direcionado para a home como &quot;${USUARIO_LOGADO}&quot;">
<kw name="Validar pagina inicial &quot;${USUARIO_LOGADO}&quot;" owner="login_page" source_name="Validar pagina inicial &quot;${NOME_LOGADO}&quot;">
<kw name="Element Should Be Visible" owner="SeleniumLibrary">
<msg time="2024-01-23T02:51:33.015987" level="INFO">Element '//*[text()='Logged in as:']/../..//*[contains(text(),'Laís Araújo')]' is displayed.</msg>
<arg>locator=//*[text()='Logged in as:']/../..//*[contains(text(),'${NOME_LOGADO}')]</arg>
<doc>Verifies that the element identified by ``locator`` is visible.</doc>
<status status="PASS" start="2024-01-23T02:51:32.981043" elapsed="0.034944"/>
</kw>
<status status="PASS" start="2024-01-23T02:51:32.981043" elapsed="0.035944"/>
</kw>
<status status="PASS" start="2024-01-23T02:51:32.981043" elapsed="0.035944"/>
</kw>
<kw name="Fechar o navegador" owner="login_page" type="TEARDOWN">
<kw name="Close Browser" owner="SeleniumLibrary">
<doc>Closes the current browser.</doc>
<status status="PASS" start="2024-01-23T02:51:33.017990" elapsed="2.302783"/>
</kw>
<status status="PASS" start="2024-01-23T02:51:33.016987" elapsed="2.303786"/>
</kw>
<doc>Deve ser realizado o login na phptravels
E validado se o usuario que preencheu os dados logou com sucesso</doc>
<tag>login</tag>
<status status="PASS" start="2024-01-23T02:51:21.980140" elapsed="13.340633"/>
</test>
<doc>Testes focados em realizar o login no phptravels</doc>
<status status="PASS" start="2024-01-23T02:51:21.718792" elapsed="13.603982"/>
</suite>
<statistics>
<total>
<stat pass="1" fail="0" skip="0">All Tests</stat>
</total>
<tag>
<stat pass="1" fail="0" skip="0">login</stat>
</tag>
<suite>
<stat pass="1" fail="0" skip="0" id="s1" name="Login Feature Test">Login Feature Test</stat>
</suite>
</statistics>
<errors>
</errors>
</robot>
