<?xml version="1.0" encoding="UTF-8"?>
<robot generator="Robot 7.0 (Python 3.12.1 on win32)" generated="2024-01-23T02:56:59.690506" rpa="false" schemaversion="5">
<suite id="s1" name="Login Feature Test" source="C:\Users\lalai\OneDrive\Documentos\workspace\automacao_robot_framework\features\login_feature_test.robot">
<test id="s1-t1" name="Caso de Teste 01 - Realizar login" line="8">
<kw name="Dado que o usuario acesse a tela de login" owner="login_resources">
<kw name="Acessar site &quot;https://phptravels.org/login&quot;" owner="login_page" source_name="Acessar site &quot;${SITE}&quot;">
<kw name="Open Browser" owner="SeleniumLibrary">
<msg time="2024-01-23T02:56:59.895130" level="INFO">Opening browser 'chrome' to base url 'https://phptravels.org/login'.</msg>
<arg>${SITE}</arg>
<arg>browser=chrome</arg>
<doc>Opens a new browser instance to the optional ``url``.</doc>
<status status="PASS" start="2024-01-23T02:56:59.895130" elapsed="3.406254"/>
</kw>
<kw name="Maximize Browser Window" owner="SeleniumLibrary">
<doc>Maximizes current browser window.</doc>
<status status="PASS" start="2024-01-23T02:57:03.301384" elapsed="0.120150"/>
</kw>
<status status="PASS" start="2024-01-23T02:56:59.894592" elapsed="3.526942"/>
</kw>
<status status="PASS" start="2024-01-23T02:56:59.894592" elapsed="3.527964"/>
</kw>
<kw name="Quando o usuario informar email &quot;lalaisprates@gmail.com&quot;" owner="login_resources" source_name="Quando o usuario informar email &quot;${EMAIL}&quot;">
<kw name="Informar email &quot;${EMAIL}&quot;" owner="login_page" source_name="Informar email &quot;${EMAIL}&quot;">
<kw name="Wait Until Element Is Visible" owner="SeleniumLibrary">
<arg>${TXT_EMAIL}</arg>
<doc>Waits until the element ``locator`` is visible.</doc>
<status status="PASS" start="2024-01-23T02:57:03.424538" elapsed="0.033256"/>
</kw>
<kw name="Input Text" owner="SeleniumLibrary">
<msg time="2024-01-23T02:57:03.458776" level="INFO">Typing text 'lalaisprates@gmail.com' into text field '//input[@type='email']'.</msg>
<arg>${TXT_EMAIL}</arg>
<arg>${EMAIL}</arg>
<doc>Types the given ``text`` into the text field identified by ``locator``.</doc>
<status status="PASS" start="2024-01-23T02:57:03.457794" elapsed="0.197231"/>
</kw>
<status status="PASS" start="2024-01-23T02:57:03.424538" elapsed="0.230487"/>
</kw>
<status status="PASS" start="2024-01-23T02:57:03.423532" elapsed="0.231493"/>
</kw>
<kw name="E informar senha &quot;Senha123456&quot;" owner="login_resources" source_name="E informar senha &quot;${SENHA}&quot;">
<kw name="Informar senha &quot;${SENHA}&quot;" owner="login_page" source_name="Informar senha &quot;${SENHA}&quot;">
<kw name="Wait Until Element Is Visible" owner="SeleniumLibrary">
<arg>${TXT_SENHA}</arg>
<doc>Waits until the element ``locator`` is visible.</doc>
<status status="PASS" start="2024-01-23T02:57:03.656027" elapsed="0.022920"/>
</kw>
<kw name="Input Password" owner="SeleniumLibrary">
<msg time="2024-01-23T02:57:03.678947" level="INFO">Typing password into text field '//input[@name='password']'.</msg>
<msg time="2024-01-23T02:57:03.706700" level="INFO">Temporally setting log level to: NONE</msg>
<arg>${TXT_SENHA}</arg>
<arg>${SENHA}</arg>
<doc>Types the given password into the text field identified by ``locator``.</doc>
<status status="PASS" start="2024-01-23T02:57:03.678947" elapsed="0.085511"/>
</kw>
<status status="PASS" start="2024-01-23T02:57:03.655025" elapsed="0.109433"/>
</kw>
<status status="PASS" start="2024-01-23T02:57:03.655025" elapsed="0.109433"/>
</kw>
<kw name="E confirmar a verficação" owner="login_resources">
<kw name="Confirmar captcha" owner="login_page">
<kw name="Select Frame" owner="SeleniumLibrary">
<msg time="2024-01-23T02:57:03.766468" level="INFO">Selecting frame '//iframe[@title='reCAPTCHA']'.</msg>
<arg>${IFRAME}</arg>
<doc>Sets frame identified by ``locator`` as the current frame.</doc>
<status status="PASS" start="2024-01-23T02:57:03.765471" elapsed="0.029030"/>
</kw>
<kw name="Wait Until Element Is Visible" owner="SeleniumLibrary">
<arg>${BNT_NAO_SOU_ROBO}</arg>
<doc>Waits until the element ``locator`` is visible.</doc>
<status status="PASS" start="2024-01-23T02:57:03.794501" elapsed="0.023763"/>
</kw>
<kw name="Click Element" owner="SeleniumLibrary">
<msg time="2024-01-23T02:57:03.818264" level="INFO">Clicking element '//span[@id='recaptcha-anchor']'.</msg>
<arg>${BNT_NAO_SOU_ROBO}</arg>
<doc>Click the element identified by ``locator``.</doc>
<status status="PASS" start="2024-01-23T02:57:03.818264" elapsed="0.132722"/>
</kw>
<kw name="Unselect Frame" owner="SeleniumLibrary">
<doc>Sets the main frame as the current frame.</doc>
<status status="PASS" start="2024-01-23T02:57:03.950986" elapsed="0.009045"/>
</kw>
<status status="PASS" start="2024-01-23T02:57:03.765471" elapsed="0.194560"/>
</kw>
<status status="PASS" start="2024-01-23T02:57:03.765471" elapsed="0.194560"/>
</kw>
<kw name="E clicar em Login" owner="login_resources">
<kw name="Clicar no botao de Login" owner="login_page">
<kw name="Sleep" owner="BuiltIn">
<msg time="2024-01-23T02:57:06.962734" level="INFO">Slept 3 seconds.</msg>
<arg>3</arg>
<doc>Pauses the test executed for the given time.</doc>
<status status="PASS" start="2024-01-23T02:57:03.962025" elapsed="3.000709"/>
</kw>
<kw name="Click Element" owner="SeleniumLibrary">
<msg time="2024-01-23T02:57:06.962734" level="INFO">Clicking element '//button[@class='btn btn-primary btn-recaptcha']'.</msg>
<arg>${BNT_LOGIN}</arg>
<doc>Click the element identified by ``locator``.</doc>
<status status="PASS" start="2024-01-23T02:57:06.962734" elapsed="1.694605"/>
</kw>
<status status="PASS" start="2024-01-23T02:57:03.961027" elapsed="4.696312"/>
</kw>
<status status="PASS" start="2024-01-23T02:57:03.961027" elapsed="4.696312"/>
</kw>
<kw name="Então o usuario é direcionado para a home como &quot;Laís Araújo&quot;" owner="login_resources" source_name="Então o usuario é direcionado para a home como &quot;${USUARIO_LOGADO}&quot;">
<kw name="Validar pagina inicial &quot;${USUARIO_LOGADO}&quot;" owner="login_page" source_name="Validar pagina inicial &quot;${NOME_LOGADO}&quot;">
<kw name="Element Should Be Visible" owner="SeleniumLibrary">
<msg time="2024-01-23T02:57:08.680688" level="INFO">Element '//*[text()='Logged in as:']/../..//*[contains(text(),'Laís Araújo')]' is displayed.</msg>
<arg>locator=//*[text()='Logged in as:']/../..//*[contains(text(),'${NOME_LOGADO}')]</arg>
<doc>Verifies that the element identified by ``locator`` is visible.</doc>
<status status="PASS" start="2024-01-23T02:57:08.658334" elapsed="0.022354"/>
</kw>
<status status="PASS" start="2024-01-23T02:57:08.658334" elapsed="0.022354"/>
</kw>
<status status="PASS" start="2024-01-23T02:57:08.658334" elapsed="0.022354"/>
</kw>
<kw name="Fechar o navegador" owner="login_page" type="TEARDOWN">
<kw name="Close Browser" owner="SeleniumLibrary">
<doc>Closes the current browser.</doc>
<status status="PASS" start="2024-01-23T02:57:08.683682" elapsed="2.249351"/>
</kw>
<status status="PASS" start="2024-01-23T02:57:08.682733" elapsed="2.250300"/>
</kw>
<doc>Deve ser realizado o login na phptravels
E validado se o usuario que preencheu os dados logou com sucesso</doc>
<tag>login</tag>
<status status="PASS" start="2024-01-23T02:56:59.893563" elapsed="11.039470"/>
</test>
<doc>Testes focados em realizar o login no phptravels</doc>
<status status="PASS" start="2024-01-23T02:56:59.691504" elapsed="11.243207"/>
</suite>
<statistics>
<total>
<stat pass="1" fail="0" skip="0">All Tests</stat>
</total>
<tag>
<stat pass="1" fail="0" skip="0">login</stat>
</tag>
<suite>
<stat pass="1" fail="0" skip="0" id="s1" name="Login Feature Test">Login Feature Test</stat>
</suite>
</statistics>
<errors>
</errors>
</robot>
